<!DOCTYPE html>

<html>
  <head>
  <meta charset='utf-8'>
  <title>TestNG reports</title>

    <link type="text/css" href="testng-reports1.css" rel="stylesheet" id="ultra" />
    <link type="text/css" href="testng-reports.css" rel="stylesheet" id="retro" disabled="false"/>
    <script type="text/javascript" src="jquery.min.js"></script>
    <script type="text/javascript" src="testng-reports.js"></script>
    <script type="text/javascript" src="https://www.google.com/jsapi"></script>
    <script type='text/javascript'>
      google.load('visualization', '1', {packages:['table']});
      google.setOnLoadCallback(drawTable);
      var suiteTableInitFunctions = new Array();
      var suiteTableData = new Array();
    </script>
    <!--
      <script type="text/javascript" src="jquery-ui/js/jquery-ui-1.8.16.custom.min.js"></script>
     -->
  </head>

  <body>
    <div class="top-banner-root">
      <span class="top-banner-title-font">Test results</span>
      <button id="button" class="button">Switch Retro Theme</button> <!-- button -->
      <br/>
      <span class="top-banner-font-1">1 suite, 1 failed test</span>
    </div> <!-- top-banner-root -->
    <div class="navigator-root">
      <div class="navigator-suite-header">
        <span>All suites</span>
        <a href="#" title="Collapse/expand all the suites" class="collapse-all-link">
          <img src="collapseall.gif" class="collapse-all-icon">
          </img> <!-- collapse-all-icon -->
        </a> <!-- collapse-all-link -->
      </div> <!-- navigator-suite-header -->
      <div class="suite">
        <div class="rounded-window">
          <div class="suite-header light-rounded-window-top">
            <a href="#" panel-name="suite-OpenCartTests" class="navigator-link">
              <span class="suite-name border-failed">OpenCartTests</span>
            </a> <!-- navigator-link -->
          </div> <!-- suite-header light-rounded-window-top -->
          <div class="navigator-suite-content">
            <div class="suite-section-title">
              <span>Info</span>
            </div> <!-- suite-section-title -->
            <div class="suite-section-content">
              <ul>
                <li>
                  <a href="#" panel-name="test-xml-OpenCartTests" class="navigator-link ">
                    <span>C:\naveens\SelOpenCartPractise\testng.xml</span>
                  </a> <!-- navigator-link  -->
                </li>
                <li>
                  <a href="#" panel-name="testlist-OpenCartTests" class="navigator-link ">
                    <span class="test-stats">1 test</span>
                  </a> <!-- navigator-link  -->
                </li>
                <li>
                  <a href="#" panel-name="group-OpenCartTests" class="navigator-link ">
                    <span>0 groups</span>
                  </a> <!-- navigator-link  -->
                </li>
                <li>
                  <a href="#" panel-name="times-OpenCartTests" class="navigator-link ">
                    <span>Times</span>
                  </a> <!-- navigator-link  -->
                </li>
                <li>
                  <a href="#" panel-name="reporter-OpenCartTests" class="navigator-link ">
                    <span>Reporter output</span>
                  </a> <!-- navigator-link  -->
                </li>
                <li>
                  <a href="#" panel-name="ignored-methods-OpenCartTests" class="navigator-link ">
                    <span>Ignored methods</span>
                  </a> <!-- navigator-link  -->
                </li>
                <li>
                  <a href="#" panel-name="chronological-OpenCartTests" class="navigator-link ">
                    <span>Chronological view</span>
                  </a> <!-- navigator-link  -->
                </li>
              </ul>
            </div> <!-- suite-section-content -->
            <div class="result-section">
              <div class="suite-section-title">
                <span>Results</span>
              </div> <!-- suite-section-title -->
              <div class="suite-section-content">
                <ul>
                  <li>
                    <span class="method-stats">17 methods, 1 failed,  3 skipped,  13 passed</span>
                  </li>
                  <li>
                    <span class="method-list-title failed">Failed methods</span>
                    <span class="show-or-hide-methods failed">
                      <a href="#" panel-name="suite-OpenCartTests" class="hide-methods failed suite-OpenCartTests"> (hide)</a> <!-- hide-methods failed suite-OpenCartTests -->
                      <a href="#" panel-name="suite-OpenCartTests" class="show-methods failed suite-OpenCartTests"> (show)</a> <!-- show-methods failed suite-OpenCartTests -->
                    </span>
                    <div class="method-list-content failed suite-OpenCartTests">
                      <span>
                        <img src="failed.png" width="3%"/>
                        <a href="#" panel-name="suite-OpenCartTests" title="com.qa.openCart.base.AccountPageTest" class="method navigator-link" hash-for-method="addProductToCartVerification(Samsung, Samsung Galaxy Tab 10.1, 14)">addProductToCartVerification(Samsung, Samsung Galaxy Tab 10.1, 14)</a> <!-- method navigator-link -->
                      </span>
                      <br/>
                    </div> <!-- method-list-content failed suite-OpenCartTests -->
                  </li>
                  <li>
                    <span class="method-list-title skipped">Retried methods</span>
                    <span class="show-or-hide-methods skipped">
                      <a href="#" panel-name="suite-OpenCartTests" class="hide-methods skipped suite-OpenCartTests"> (hide)</a> <!-- hide-methods skipped suite-OpenCartTests -->
                      <a href="#" panel-name="suite-OpenCartTests" class="show-methods skipped suite-OpenCartTests"> (show)</a> <!-- show-methods skipped suite-OpenCartTests -->
                    </span>
                    <div class="method-list-content skipped suite-OpenCartTests">
                      <span>
                        <img src="skipped.png" width="3%"/>
                        <a href="#" panel-name="suite-OpenCartTests" title="com.qa.openCart.base.AccountPageTest" class="method navigator-link" hash-for-method="addProductToCartVerification(Samsung, Samsung Galaxy Tab 10.1, 14)">addProductToCartVerification(Samsung, Samsung Galaxy Tab 10.1, 14)</a> <!-- method navigator-link -->
                      </span>
                      <br/>
                      <span>
                        <img src="skipped.png" width="3%"/>
                        <a href="#" panel-name="suite-OpenCartTests" title="com.qa.openCart.base.AccountPageTest" class="method navigator-link" hash-for-method="addProductToCartVerification(Samsung, Samsung Galaxy Tab 10.1, 14)">addProductToCartVerification(Samsung, Samsung Galaxy Tab 10.1, 14)</a> <!-- method navigator-link -->
                      </span>
                      <br/>
                      <span>
                        <img src="skipped.png" width="3%"/>
                        <a href="#" panel-name="suite-OpenCartTests" title="com.qa.openCart.base.AccountPageTest" class="method navigator-link" hash-for-method="addProductToCartVerification(Samsung, Samsung Galaxy Tab 10.1, 14)">addProductToCartVerification(Samsung, Samsung Galaxy Tab 10.1, 14)</a> <!-- method navigator-link -->
                      </span>
                      <br/>
                    </div> <!-- method-list-content skipped suite-OpenCartTests -->
                  </li>
                  <li>
                    <span class="method-list-title passed">Passed methods</span>
                    <span class="show-or-hide-methods passed">
                      <a href="#" panel-name="suite-OpenCartTests" class="hide-methods passed suite-OpenCartTests"> (hide)</a> <!-- hide-methods passed suite-OpenCartTests -->
                      <a href="#" panel-name="suite-OpenCartTests" class="show-methods passed suite-OpenCartTests"> (show)</a> <!-- show-methods passed suite-OpenCartTests -->
                    </span>
                    <div class="method-list-content passed suite-OpenCartTests">
                      <span>
                        <img src="passed.png" width="3%"/>
                        <a href="#" panel-name="suite-OpenCartTests" title="com.qa.openCart.base.AccountPageTest" class="method navigator-link" hash-for-method="accountPageVerification">accountPageVerification</a> <!-- method navigator-link -->
                      </span>
                      <br/>
                      <span>
                        <img src="passed.png" width="3%"/>
                        <a href="#" panel-name="suite-OpenCartTests" title="com.qa.openCart.base.AccountPageTest" class="method navigator-link" hash-for-method="addProductToCartVerification(Samsung, Samsung SyncMaster 941BW, 7)">addProductToCartVerification(Samsung, Samsung SyncMaster 941BW, 7)</a> <!-- method navigator-link -->
                      </span>
                      <br/>
                      <span>
                        <img src="passed.png" width="3%"/>
                        <a href="#" panel-name="suite-OpenCartTests" title="com.qa.openCart.base.AccountPageTest" class="method navigator-link" hash-for-method="addProductToCartVerification(iMac, iMac, 101)">addProductToCartVerification(iMac, iMac, 101)</a> <!-- method navigator-link -->
                      </span>
                      <br/>
                      <span>
                        <img src="passed.png" width="3%"/>
                        <a href="#" panel-name="suite-OpenCartTests" title="com.qa.openCart.base.AccountPageTest" class="method navigator-link" hash-for-method="addProductToCartVerification(Macbook, MacBook Pro, 5)">addProductToCartVerification(Macbook, MacBook Pro, 5)</a> <!-- method navigator-link -->
                      </span>
                      <br/>
                      <span>
                        <img src="passed.png" width="3%"/>
                        <a href="#" panel-name="suite-OpenCartTests" title="com.qa.openCart.base.AccountPageTest" class="method navigator-link" hash-for-method="searchProductVerification(iMac)">searchProductVerification(iMac)</a> <!-- method navigator-link -->
                      </span>
                      <br/>
                      <span>
                        <img src="passed.png" width="3%"/>
                        <a href="#" panel-name="suite-OpenCartTests" title="com.qa.openCart.base.AccountPageTest" class="method navigator-link" hash-for-method="searchProductVerification(Macbook)">searchProductVerification(Macbook)</a> <!-- method navigator-link -->
                      </span>
                      <br/>
                      <span>
                        <img src="passed.png" width="3%"/>
                        <a href="#" panel-name="suite-OpenCartTests" title="com.qa.openCart.base.AccountPageTest" class="method navigator-link" hash-for-method="searchProductVerification(Samsung)">searchProductVerification(Samsung)</a> <!-- method navigator-link -->
                      </span>
                      <br/>
                      <span>
                        <img src="passed.png" width="3%"/>
                        <a href="#" panel-name="suite-OpenCartTests" title="com.qa.openCart.base.AccountPageTest" class="method navigator-link" hash-for-method="searchProductVerification(Apple)">searchProductVerification(Apple)</a> <!-- method navigator-link -->
                      </span>
                      <br/>
                      <span>
                        <img src="passed.png" width="3%"/>
                        <a href="#" panel-name="suite-OpenCartTests" title="com.qa.openCart.base.AccountPageTest" class="method navigator-link" hash-for-method="selectProductDetailsVerification">selectProductDetailsVerification</a> <!-- method navigator-link -->
                      </span>
                      <br/>
                      <span>
                        <img src="passed.png" width="3%"/>
                        <a href="#" panel-name="suite-OpenCartTests" title="com.qa.openCart.base.AccountPageTest" class="method navigator-link" hash-for-method="selectProductVerification(Macbook, MacBook Pro)">selectProductVerification(Macbook, MacBook Pro)</a> <!-- method navigator-link -->
                      </span>
                      <br/>
                      <span>
                        <img src="passed.png" width="3%"/>
                        <a href="#" panel-name="suite-OpenCartTests" title="com.qa.openCart.base.AccountPageTest" class="method navigator-link" hash-for-method="selectProductVerification(Samsung, Samsung Galaxy Tab 10.1)">selectProductVerification(Samsung, Samsung Galaxy Tab 10.1)</a> <!-- method navigator-link -->
                      </span>
                      <br/>
                      <span>
                        <img src="passed.png" width="3%"/>
                        <a href="#" panel-name="suite-OpenCartTests" title="com.qa.openCart.base.AccountPageTest" class="method navigator-link" hash-for-method="selectProductVerification(Apple, Apple Cinema 30&quot;)">selectProductVerification(Apple, Apple Cinema 30")</a> <!-- method navigator-link -->
                      </span>
                      <br/>
                      <span>
                        <img src="passed.png" width="3%"/>
                        <a href="#" panel-name="suite-OpenCartTests" title="com.qa.openCart.base.AccountPageTest" class="method navigator-link" hash-for-method="selectProductVerification(iMac, iMac)">selectProductVerification(iMac, iMac)</a> <!-- method navigator-link -->
                      </span>
                      <br/>
                    </div> <!-- method-list-content passed suite-OpenCartTests -->
                  </li>
                </ul>
              </div> <!-- suite-section-content -->
            </div> <!-- result-section -->
          </div> <!-- navigator-suite-content -->
        </div> <!-- rounded-window -->
      </div> <!-- suite -->
    </div> <!-- navigator-root -->
    <div class="wrapper">
      <div class="main-panel-root">
        <div panel-name="suite-OpenCartTests" class="panel OpenCartTests">
          <div class="suite-OpenCartTests-class-failed">
            <div class="main-panel-header rounded-window-top">
              <img src="failed.png"/>
              <span class="class-name">com.qa.openCart.base.AccountPageTest</span>
            </div> <!-- main-panel-header rounded-window-top -->
            <div class="main-panel-content rounded-window-bottom">
              <div class="method">
                <div class="method-content">
                  <a name="addProductToCartVerification(Samsung, Samsung Galaxy Tab 10.1, 14)">
                  </a> <!-- addProductToCartVerification(Samsung, Samsung Galaxy Tab 10.1, 14) -->
                  <span class="method-name">addProductToCartVerification</span>
                  <span class="parameters">(Samsung, Samsung Galaxy Tab 10.1, 14)</span>
                  <div class="stack-trace">java.lang.AssertionError: The following asserts failed:
	expected [3387.86] but found [3387.83],
	expected [3387.86] but found [3387.83],
	expected [3387.86] but found [3387.83],
	expected [3387.86] but found [3387.83]
	at org.testng.asserts.SoftAssert.assertAll(SoftAssert.java:47)
	at org.testng.asserts.SoftAssert.assertAll(SoftAssert.java:31)
	at com.qa.openCart.base.AccountPageTest.addProductToCartVerification(AccountPageTest.java:127)
	at java.base/jdk.internal.reflect.NativeMethodAccessorImpl.invoke0(Native Method)
	at java.base/jdk.internal.reflect.NativeMethodAccessorImpl.invoke(NativeMethodAccessorImpl.java:78)
	at java.base/jdk.internal.reflect.DelegatingMethodAccessorImpl.invoke(DelegatingMethodAccessorImpl.java:43)
	at java.base/java.lang.reflect.Method.invoke(Method.java:567)
	at org.testng.internal.MethodInvocationHelper.invokeMethod(MethodInvocationHelper.java:133)
	at org.testng.internal.TestInvoker.invokeMethod(TestInvoker.java:598)
	at org.testng.internal.TestInvoker.retryFailed(TestInvoker.java:213)
	at org.testng.internal.MethodRunner.runInSequence(MethodRunner.java:58)
	at org.testng.internal.TestInvoker$MethodInvocationAgent.invoke(TestInvoker.java:824)
	at org.testng.internal.TestInvoker.invokeTestMethods(TestInvoker.java:146)
	at org.testng.internal.TestMethodWorker.invokeTestMethods(TestMethodWorker.java:146)
	at org.testng.internal.TestMethodWorker.run(TestMethodWorker.java:128)
	at java.base/java.util.ArrayList.forEach(ArrayList.java:1511)
	at org.testng.TestRunner.privateRun(TestRunner.java:794)
	at org.testng.TestRunner.run(TestRunner.java:596)
	at org.testng.SuiteRunner.runTest(SuiteRunner.java:377)
	at org.testng.SuiteRunner.runSequentially(SuiteRunner.java:371)
	at org.testng.SuiteRunner.privateRun(SuiteRunner.java:332)
	at org.testng.SuiteRunner.run(SuiteRunner.java:276)
	at org.testng.SuiteRunnerWorker.runSuite(SuiteRunnerWorker.java:53)
	at org.testng.SuiteRunnerWorker.run(SuiteRunnerWorker.java:96)
	at org.testng.TestNG.runSuitesSequentially(TestNG.java:1212)
	at org.testng.TestNG.runSuitesLocally(TestNG.java:1134)
	at org.testng.TestNG.runSuites(TestNG.java:1063)
	at org.testng.TestNG.run(TestNG.java:1031)
	at org.testng.remote.AbstractRemoteTestNG.run(AbstractRemoteTestNG.java:115)
	at org.testng.remote.RemoteTestNG.initAndRun(RemoteTestNG.java:251)
	at org.testng.remote.RemoteTestNG.main(RemoteTestNG.java:77)

</div> <!-- stack-trace -->
                </div> <!-- method-content -->
              </div> <!-- method -->
            </div> <!-- main-panel-content rounded-window-bottom -->
          </div> <!-- suite-OpenCartTests-class-failed -->
          <div class="suite-OpenCartTests-class-skipped">
            <div class="main-panel-header rounded-window-top">
              <img src="skipped.png"/>
              <span class="class-name">com.qa.openCart.base.AccountPageTest</span>
            </div> <!-- main-panel-header rounded-window-top -->
            <div class="main-panel-content rounded-window-bottom">
              <div class="method">
                <div class="method-content">
                  <a name="addProductToCartVerification(Samsung, Samsung Galaxy Tab 10.1, 14)">
                  </a> <!-- addProductToCartVerification(Samsung, Samsung Galaxy Tab 10.1, 14) -->
                  <span class="method-name">addProductToCartVerification</span>
                  <span class="parameters">(Samsung, Samsung Galaxy Tab 10.1, 14)</span>
                  <div class="stack-trace">java.lang.AssertionError: The following asserts failed:
	expected [3387.86] but found [3387.83]
	at org.testng.asserts.SoftAssert.assertAll(SoftAssert.java:47)
	at org.testng.asserts.SoftAssert.assertAll(SoftAssert.java:31)
	at com.qa.openCart.base.AccountPageTest.addProductToCartVerification(AccountPageTest.java:127)
	at java.base/jdk.internal.reflect.NativeMethodAccessorImpl.invoke0(Native Method)
	at java.base/jdk.internal.reflect.NativeMethodAccessorImpl.invoke(NativeMethodAccessorImpl.java:78)
	at java.base/jdk.internal.reflect.DelegatingMethodAccessorImpl.invoke(DelegatingMethodAccessorImpl.java:43)
	at java.base/java.lang.reflect.Method.invoke(Method.java:567)
	at org.testng.internal.MethodInvocationHelper.invokeMethod(MethodInvocationHelper.java:133)
	at org.testng.internal.TestInvoker.invokeMethod(TestInvoker.java:598)
	at org.testng.internal.TestInvoker.invokeTestMethod(TestInvoker.java:173)
	at org.testng.internal.MethodRunner.runInSequence(MethodRunner.java:46)
	at org.testng.internal.TestInvoker$MethodInvocationAgent.invoke(TestInvoker.java:824)
	at org.testng.internal.TestInvoker.invokeTestMethods(TestInvoker.java:146)
	at org.testng.internal.TestMethodWorker.invokeTestMethods(TestMethodWorker.java:146)
	at org.testng.internal.TestMethodWorker.run(TestMethodWorker.java:128)
	at java.base/java.util.ArrayList.forEach(ArrayList.java:1511)
	at org.testng.TestRunner.privateRun(TestRunner.java:794)
	at org.testng.TestRunner.run(TestRunner.java:596)
	at org.testng.SuiteRunner.runTest(SuiteRunner.java:377)
	at org.testng.SuiteRunner.runSequentially(SuiteRunner.java:371)
	at org.testng.SuiteRunner.privateRun(SuiteRunner.java:332)
	at org.testng.SuiteRunner.run(SuiteRunner.java:276)
	at org.testng.SuiteRunnerWorker.runSuite(SuiteRunnerWorker.java:53)
	at org.testng.SuiteRunnerWorker.run(SuiteRunnerWorker.java:96)
	at org.testng.TestNG.runSuitesSequentially(TestNG.java:1212)
	at org.testng.TestNG.runSuitesLocally(TestNG.java:1134)
	at org.testng.TestNG.runSuites(TestNG.java:1063)
	at org.testng.TestNG.run(TestNG.java:1031)
	at org.testng.remote.AbstractRemoteTestNG.run(AbstractRemoteTestNG.java:115)
	at org.testng.remote.RemoteTestNG.initAndRun(RemoteTestNG.java:251)
	at org.testng.remote.RemoteTestNG.main(RemoteTestNG.java:77)

</div> <!-- stack-trace -->
                </div> <!-- method-content -->
              </div> <!-- method -->
              <div class="method">
                <div class="method-content">
                  <a name="addProductToCartVerification(Samsung, Samsung Galaxy Tab 10.1, 14)">
                  </a> <!-- addProductToCartVerification(Samsung, Samsung Galaxy Tab 10.1, 14) -->
                  <span class="method-name">addProductToCartVerification</span>
                  <span class="parameters">(Samsung, Samsung Galaxy Tab 10.1, 14)</span>
                  <div class="stack-trace">java.lang.AssertionError: The following asserts failed:
	expected [3387.86] but found [3387.83],
	expected [3387.86] but found [3387.83]
	at org.testng.asserts.SoftAssert.assertAll(SoftAssert.java:47)
	at org.testng.asserts.SoftAssert.assertAll(SoftAssert.java:31)
	at com.qa.openCart.base.AccountPageTest.addProductToCartVerification(AccountPageTest.java:127)
	at java.base/jdk.internal.reflect.NativeMethodAccessorImpl.invoke0(Native Method)
	at java.base/jdk.internal.reflect.NativeMethodAccessorImpl.invoke(NativeMethodAccessorImpl.java:78)
	at java.base/jdk.internal.reflect.DelegatingMethodAccessorImpl.invoke(DelegatingMethodAccessorImpl.java:43)
	at java.base/java.lang.reflect.Method.invoke(Method.java:567)
	at org.testng.internal.MethodInvocationHelper.invokeMethod(MethodInvocationHelper.java:133)
	at org.testng.internal.TestInvoker.invokeMethod(TestInvoker.java:598)
	at org.testng.internal.TestInvoker.retryFailed(TestInvoker.java:213)
	at org.testng.internal.MethodRunner.runInSequence(MethodRunner.java:58)
	at org.testng.internal.TestInvoker$MethodInvocationAgent.invoke(TestInvoker.java:824)
	at org.testng.internal.TestInvoker.invokeTestMethods(TestInvoker.java:146)
	at org.testng.internal.TestMethodWorker.invokeTestMethods(TestMethodWorker.java:146)
	at org.testng.internal.TestMethodWorker.run(TestMethodWorker.java:128)
	at java.base/java.util.ArrayList.forEach(ArrayList.java:1511)
	at org.testng.TestRunner.privateRun(TestRunner.java:794)
	at org.testng.TestRunner.run(TestRunner.java:596)
	at org.testng.SuiteRunner.runTest(SuiteRunner.java:377)
	at org.testng.SuiteRunner.runSequentially(SuiteRunner.java:371)
	at org.testng.SuiteRunner.privateRun(SuiteRunner.java:332)
	at org.testng.SuiteRunner.run(SuiteRunner.java:276)
	at org.testng.SuiteRunnerWorker.runSuite(SuiteRunnerWorker.java:53)
	at org.testng.SuiteRunnerWorker.run(SuiteRunnerWorker.java:96)
	at org.testng.TestNG.runSuitesSequentially(TestNG.java:1212)
	at org.testng.TestNG.runSuitesLocally(TestNG.java:1134)
	at org.testng.TestNG.runSuites(TestNG.java:1063)
	at org.testng.TestNG.run(TestNG.java:1031)
	at org.testng.remote.AbstractRemoteTestNG.run(AbstractRemoteTestNG.java:115)
	at org.testng.remote.RemoteTestNG.initAndRun(RemoteTestNG.java:251)
	at org.testng.remote.RemoteTestNG.main(RemoteTestNG.java:77)

</div> <!-- stack-trace -->
                </div> <!-- method-content -->
              </div> <!-- method -->
              <div class="method">
                <div class="method-content">
                  <a name="addProductToCartVerification(Samsung, Samsung Galaxy Tab 10.1, 14)">
                  </a> <!-- addProductToCartVerification(Samsung, Samsung Galaxy Tab 10.1, 14) -->
                  <span class="method-name">addProductToCartVerification</span>
                  <span class="parameters">(Samsung, Samsung Galaxy Tab 10.1, 14)</span>
                  <div class="stack-trace">java.lang.AssertionError: The following asserts failed:
	expected [3387.86] but found [3387.83],
	expected [3387.86] but found [3387.83],
	expected [3387.86] but found [3387.83]
	at org.testng.asserts.SoftAssert.assertAll(SoftAssert.java:47)
	at org.testng.asserts.SoftAssert.assertAll(SoftAssert.java:31)
	at com.qa.openCart.base.AccountPageTest.addProductToCartVerification(AccountPageTest.java:127)
	at java.base/jdk.internal.reflect.NativeMethodAccessorImpl.invoke0(Native Method)
	at java.base/jdk.internal.reflect.NativeMethodAccessorImpl.invoke(NativeMethodAccessorImpl.java:78)
	at java.base/jdk.internal.reflect.DelegatingMethodAccessorImpl.invoke(DelegatingMethodAccessorImpl.java:43)
	at java.base/java.lang.reflect.Method.invoke(Method.java:567)
	at org.testng.internal.MethodInvocationHelper.invokeMethod(MethodInvocationHelper.java:133)
	at org.testng.internal.TestInvoker.invokeMethod(TestInvoker.java:598)
	at org.testng.internal.TestInvoker.retryFailed(TestInvoker.java:213)
	at org.testng.internal.MethodRunner.runInSequence(MethodRunner.java:58)
	at org.testng.internal.TestInvoker$MethodInvocationAgent.invoke(TestInvoker.java:824)
	at org.testng.internal.TestInvoker.invokeTestMethods(TestInvoker.java:146)
	at org.testng.internal.TestMethodWorker.invokeTestMethods(TestMethodWorker.java:146)
	at org.testng.internal.TestMethodWorker.run(TestMethodWorker.java:128)
	at java.base/java.util.ArrayList.forEach(ArrayList.java:1511)
	at org.testng.TestRunner.privateRun(TestRunner.java:794)
	at org.testng.TestRunner.run(TestRunner.java:596)
	at org.testng.SuiteRunner.runTest(SuiteRunner.java:377)
	at org.testng.SuiteRunner.runSequentially(SuiteRunner.java:371)
	at org.testng.SuiteRunner.privateRun(SuiteRunner.java:332)
	at org.testng.SuiteRunner.run(SuiteRunner.java:276)
	at org.testng.SuiteRunnerWorker.runSuite(SuiteRunnerWorker.java:53)
	at org.testng.SuiteRunnerWorker.run(SuiteRunnerWorker.java:96)
	at org.testng.TestNG.runSuitesSequentially(TestNG.java:1212)
	at org.testng.TestNG.runSuitesLocally(TestNG.java:1134)
	at org.testng.TestNG.runSuites(TestNG.java:1063)
	at org.testng.TestNG.run(TestNG.java:1031)
	at org.testng.remote.AbstractRemoteTestNG.run(AbstractRemoteTestNG.java:115)
	at org.testng.remote.RemoteTestNG.initAndRun(RemoteTestNG.java:251)
	at org.testng.remote.RemoteTestNG.main(RemoteTestNG.java:77)

</div> <!-- stack-trace -->
                </div> <!-- method-content -->
              </div> <!-- method -->
            </div> <!-- main-panel-content rounded-window-bottom -->
          </div> <!-- suite-OpenCartTests-class-skipped -->
          <div class="suite-OpenCartTests-class-passed">
            <div class="main-panel-header rounded-window-top">
              <img src="passed.png"/>
              <span class="class-name">com.qa.openCart.base.AccountPageTest</span>
            </div> <!-- main-panel-header rounded-window-top -->
            <div class="main-panel-content rounded-window-bottom">
              <div class="method">
                <div class="method-content">
                  <a name="accountPageVerification">
                  </a> <!-- accountPageVerification -->
                  <span class="method-name">accountPageVerification</span>
                </div> <!-- method-content -->
              </div> <!-- method -->
              <div class="method">
                <div class="method-content">
                  <a name="addProductToCartVerification(Samsung, Samsung SyncMaster 941BW, 7)">
                  </a> <!-- addProductToCartVerification(Samsung, Samsung SyncMaster 941BW, 7) -->
                  <span class="method-name">addProductToCartVerification</span>
                  <span class="parameters">(Samsung, Samsung SyncMaster 941BW, 7)</span>
                </div> <!-- method-content -->
              </div> <!-- method -->
              <div class="method">
                <div class="method-content">
                  <a name="addProductToCartVerification(iMac, iMac, 101)">
                  </a> <!-- addProductToCartVerification(iMac, iMac, 101) -->
                  <span class="method-name">addProductToCartVerification</span>
                  <span class="parameters">(iMac, iMac, 101)</span>
                </div> <!-- method-content -->
              </div> <!-- method -->
              <div class="method">
                <div class="method-content">
                  <a name="addProductToCartVerification(Macbook, MacBook Pro, 5)">
                  </a> <!-- addProductToCartVerification(Macbook, MacBook Pro, 5) -->
                  <span class="method-name">addProductToCartVerification</span>
                  <span class="parameters">(Macbook, MacBook Pro, 5)</span>
                </div> <!-- method-content -->
              </div> <!-- method -->
              <div class="method">
                <div class="method-content">
                  <a name="searchProductVerification(iMac)">
                  </a> <!-- searchProductVerification(iMac) -->
                  <span class="method-name">searchProductVerification</span>
                  <span class="parameters">(iMac)</span>
                </div> <!-- method-content -->
              </div> <!-- method -->
              <div class="method">
                <div class="method-content">
                  <a name="searchProductVerification(Macbook)">
                  </a> <!-- searchProductVerification(Macbook) -->
                  <span class="method-name">searchProductVerification</span>
                  <span class="parameters">(Macbook)</span>
                </div> <!-- method-content -->
              </div> <!-- method -->
              <div class="method">
                <div class="method-content">
                  <a name="searchProductVerification(Samsung)">
                  </a> <!-- searchProductVerification(Samsung) -->
                  <span class="method-name">searchProductVerification</span>
                  <span class="parameters">(Samsung)</span>
                </div> <!-- method-content -->
              </div> <!-- method -->
              <div class="method">
                <div class="method-content">
                  <a name="searchProductVerification(Apple)">
                  </a> <!-- searchProductVerification(Apple) -->
                  <span class="method-name">searchProductVerification</span>
                  <span class="parameters">(Apple)</span>
                </div> <!-- method-content -->
              </div> <!-- method -->
              <div class="method">
                <div class="method-content">
                  <a name="selectProductDetailsVerification">
                  </a> <!-- selectProductDetailsVerification -->
                  <span class="method-name">selectProductDetailsVerification</span>
                </div> <!-- method-content -->
              </div> <!-- method -->
              <div class="method">
                <div class="method-content">
                  <a name="selectProductVerification(Macbook, MacBook Pro)">
                  </a> <!-- selectProductVerification(Macbook, MacBook Pro) -->
                  <span class="method-name">selectProductVerification</span>
                  <span class="parameters">(Macbook, MacBook Pro)</span>
                </div> <!-- method-content -->
              </div> <!-- method -->
              <div class="method">
                <div class="method-content">
                  <a name="selectProductVerification(Samsung, Samsung Galaxy Tab 10.1)">
                  </a> <!-- selectProductVerification(Samsung, Samsung Galaxy Tab 10.1) -->
                  <span class="method-name">selectProductVerification</span>
                  <span class="parameters">(Samsung, Samsung Galaxy Tab 10.1)</span>
                </div> <!-- method-content -->
              </div> <!-- method -->
              <div class="method">
                <div class="method-content">
                  <a name="selectProductVerification(Apple, Apple Cinema 30&quot;)">
                  </a> <!-- selectProductVerification(Apple, Apple Cinema 30") -->
                  <span class="method-name">selectProductVerification</span>
                  <span class="parameters">(Apple, Apple Cinema 30")</span>
                </div> <!-- method-content -->
              </div> <!-- method -->
              <div class="method">
                <div class="method-content">
                  <a name="selectProductVerification(iMac, iMac)">
                  </a> <!-- selectProductVerification(iMac, iMac) -->
                  <span class="method-name">selectProductVerification</span>
                  <span class="parameters">(iMac, iMac)</span>
                </div> <!-- method-content -->
              </div> <!-- method -->
            </div> <!-- main-panel-content rounded-window-bottom -->
          </div> <!-- suite-OpenCartTests-class-passed -->
        </div> <!-- panel OpenCartTests -->
        <div panel-name="test-xml-OpenCartTests" class="panel">
          <div class="main-panel-header rounded-window-top">
            <span class="header-content">C:\naveens\SelOpenCartPractise\testng.xml</span>
          </div> <!-- main-panel-header rounded-window-top -->
          <div class="main-panel-content rounded-window-bottom">
            <pre>
&lt;?xml version=&quot;1.0&quot; encoding=&quot;UTF-8&quot;?&gt;
&lt;!DOCTYPE suite SYSTEM &quot;https://testng.org/testng-1.0.dtd&quot;&gt;
&lt;suite name=&quot;OpenCartTests&quot; guice-stage=&quot;DEVELOPMENT&quot; verbose=&quot;4&quot;&gt;
  &lt;listeners&gt;
    &lt;listener class-name=&quot;com.qa.openCart.listeners.ExtentReportListener&quot;/&gt;
    &lt;listener class-name=&quot;com.qa.openCart.listeners.TestAllureListener&quot;/&gt;
    &lt;listener class-name=&quot;com.qa.openCart.listeners.AnnotationTransformer&quot;/&gt;
  &lt;/listeners&gt;
  &lt;test thread-count=&quot;5&quot; name=&quot;AccountPage&quot; verbose=&quot;4&quot;&gt;
    &lt;classes&gt;
      &lt;class name=&quot;com.qa.openCart.base.AccountPageTest&quot;/&gt;
    &lt;/classes&gt;
  &lt;/test&gt; &lt;!-- AccountPage --&gt;
&lt;/suite&gt; &lt;!-- OpenCartTests --&gt;
            </pre>
          </div> <!-- main-panel-content rounded-window-bottom -->
        </div> <!-- panel -->
        <div panel-name="testlist-OpenCartTests" class="panel">
          <div class="main-panel-header rounded-window-top">
            <span class="header-content">Tests for OpenCartTests</span>
          </div> <!-- main-panel-header rounded-window-top -->
          <div class="main-panel-content rounded-window-bottom">
            <ul>
              <li>
                <span class="test-name">AccountPage (1 class)</span>
              </li>
            </ul>
          </div> <!-- main-panel-content rounded-window-bottom -->
        </div> <!-- panel -->
        <div panel-name="group-OpenCartTests" class="panel">
          <div class="main-panel-header rounded-window-top">
            <span class="header-content">Groups for OpenCartTests</span>
          </div> <!-- main-panel-header rounded-window-top -->
          <div class="main-panel-content rounded-window-bottom">
          </div> <!-- main-panel-content rounded-window-bottom -->
        </div> <!-- panel -->
        <div panel-name="times-OpenCartTests" class="panel">
          <div class="main-panel-header rounded-window-top">
            <span class="header-content">Times for OpenCartTests</span>
          </div> <!-- main-panel-header rounded-window-top -->
          <div class="main-panel-content rounded-window-bottom">
            <div class="times-div">
              <script type="text/javascript">
suiteTableInitFunctions.push('tableData_OpenCartTests');
function tableData_OpenCartTests() {
var data = new google.visualization.DataTable();
data.addColumn('number', 'Number');
data.addColumn('string', 'Method');
data.addColumn('string', 'Class');
data.addColumn('number', 'Time (ms)');
data.addRows(17);
data.setCell(0, 0, 0)
data.setCell(0, 1, 'addProductToCartVerification')
data.setCell(0, 2, 'com.qa.openCart.base.AccountPageTest')
data.setCell(0, 3, 17917);
data.setCell(1, 0, 1)
data.setCell(1, 1, 'addProductToCartVerification')
data.setCell(1, 2, 'com.qa.openCart.base.AccountPageTest')
data.setCell(1, 3, 17257);
data.setCell(2, 0, 2)
data.setCell(2, 1, 'addProductToCartVerification')
data.setCell(2, 2, 'com.qa.openCart.base.AccountPageTest')
data.setCell(2, 3, 17248);
data.setCell(3, 0, 3)
data.setCell(3, 1, 'addProductToCartVerification')
data.setCell(3, 2, 'com.qa.openCart.base.AccountPageTest')
data.setCell(3, 3, 17170);
data.setCell(4, 0, 4)
data.setCell(4, 1, 'addProductToCartVerification')
data.setCell(4, 2, 'com.qa.openCart.base.AccountPageTest')
data.setCell(4, 3, 17120);
data.setCell(5, 0, 5)
data.setCell(5, 1, 'addProductToCartVerification')
data.setCell(5, 2, 'com.qa.openCart.base.AccountPageTest')
data.setCell(5, 3, 16945);
data.setCell(6, 0, 6)
data.setCell(6, 1, 'addProductToCartVerification')
data.setCell(6, 2, 'com.qa.openCart.base.AccountPageTest')
data.setCell(6, 3, 16774);
data.setCell(7, 0, 7)
data.setCell(7, 1, 'selectProductVerification')
data.setCell(7, 2, 'com.qa.openCart.base.AccountPageTest')
data.setCell(7, 3, 8124);
data.setCell(8, 0, 8)
data.setCell(8, 1, 'selectProductVerification')
data.setCell(8, 2, 'com.qa.openCart.base.AccountPageTest')
data.setCell(8, 3, 7818);
data.setCell(9, 0, 9)
data.setCell(9, 1, 'selectProductVerification')
data.setCell(9, 2, 'com.qa.openCart.base.AccountPageTest')
data.setCell(9, 3, 7674);
data.setCell(10, 0, 10)
data.setCell(10, 1, 'selectProductVerification')
data.setCell(10, 2, 'com.qa.openCart.base.AccountPageTest')
data.setCell(10, 3, 7666);
data.setCell(11, 0, 11)
data.setCell(11, 1, 'selectProductDetailsVerification')
data.setCell(11, 2, 'com.qa.openCart.base.AccountPageTest')
data.setCell(11, 3, 6633);
data.setCell(12, 0, 12)
data.setCell(12, 1, 'searchProductVerification')
data.setCell(12, 2, 'com.qa.openCart.base.AccountPageTest')
data.setCell(12, 3, 3723);
data.setCell(13, 0, 13)
data.setCell(13, 1, 'searchProductVerification')
data.setCell(13, 2, 'com.qa.openCart.base.AccountPageTest')
data.setCell(13, 3, 3145);
data.setCell(14, 0, 14)
data.setCell(14, 1, 'searchProductVerification')
data.setCell(14, 2, 'com.qa.openCart.base.AccountPageTest')
data.setCell(14, 3, 3104);
data.setCell(15, 0, 15)
data.setCell(15, 1, 'searchProductVerification')
data.setCell(15, 2, 'com.qa.openCart.base.AccountPageTest')
data.setCell(15, 3, 2932);
data.setCell(16, 0, 16)
data.setCell(16, 1, 'accountPageVerification')
data.setCell(16, 2, 'com.qa.openCart.base.AccountPageTest')
data.setCell(16, 3, 1013);
window.suiteTableData['OpenCartTests']= { tableData: data, tableDiv: 'times-div-OpenCartTests'}
return data;
}
              </script>
              <span class="suite-total-time">Total running time: 2 minutes</span>
              <div id="times-div-OpenCartTests">
              </div> <!-- times-div-OpenCartTests -->
            </div> <!-- times-div -->
          </div> <!-- main-panel-content rounded-window-bottom -->
        </div> <!-- panel -->
        <div panel-name="reporter-OpenCartTests" class="panel">
          <div class="main-panel-header rounded-window-top">
            <span class="header-content">Reporter output for OpenCartTests</span>
          </div> <!-- main-panel-header rounded-window-top -->
          <div class="main-panel-content rounded-window-bottom">
          </div> <!-- main-panel-content rounded-window-bottom -->
        </div> <!-- panel -->
        <div panel-name="ignored-methods-OpenCartTests" class="panel">
          <div class="main-panel-header rounded-window-top">
            <span class="header-content">0 ignored methods</span>
          </div> <!-- main-panel-header rounded-window-top -->
          <div class="main-panel-content rounded-window-bottom">
          </div> <!-- main-panel-content rounded-window-bottom -->
        </div> <!-- panel -->
        <div panel-name="chronological-OpenCartTests" class="panel">
          <div class="main-panel-header rounded-window-top">
            <span class="header-content">Methods in chronological order</span>
          </div> <!-- main-panel-header rounded-window-top -->
          <div class="main-panel-content rounded-window-bottom">
            <div class="chronological-class">
              <div class="chronological-class-name">com.qa.openCart.base.AccountPageTest</div> <!-- chronological-class-name -->
              <div class="configuration-test before">
                <span class="method-name">setup</span>
                <span class="method-start">0 ms</span>
              </div> <!-- configuration-test before -->
              <div class="configuration-class before">
                <span class="method-name">acctPageSetUp</span>
                <span class="method-start">7573 ms</span>
              </div> <!-- configuration-class before -->
              <div class="test-method">
                <span class="method-name">accountPageVerification</span>
                <span class="method-start">11143 ms</span>
              </div> <!-- test-method -->
              <div class="test-method">
                <span class="method-name">searchProductVerification(Macbook)</span>
                <span class="method-start">12508 ms</span>
              </div> <!-- test-method -->
              <div class="test-method">
                <span class="method-name">searchProductVerification(Apple)</span>
                <span class="method-start">15904 ms</span>
              </div> <!-- test-method -->
              <div class="test-method">
                <span class="method-name">searchProductVerification(iMac)</span>
                <span class="method-start">19309 ms</span>
              </div> <!-- test-method -->
              <div class="test-method">
                <span class="method-name">searchProductVerification(Samsung)</span>
                <span class="method-start">23308 ms</span>
              </div> <!-- test-method -->
              <div class="test-method">
                <span class="method-name">selectProductVerification(Macbook, MacBook Pro)</span>
                <span class="method-start">26522 ms</span>
              </div> <!-- test-method -->
              <div class="test-method">
                <span class="method-name">selectProductVerification(Apple, Apple Cinema 30")</span>
                <span class="method-start">34647 ms</span>
              </div> <!-- test-method -->
              <div class="test-method">
                <span class="method-name">selectProductVerification(iMac, iMac)</span>
                <span class="method-start">42661 ms</span>
              </div> <!-- test-method -->
              <div class="test-method">
                <span class="method-name">selectProductVerification(Samsung, Samsung Galaxy Tab 10.1)</span>
                <span class="method-start">51058 ms</span>
              </div> <!-- test-method -->
              <div class="test-method">
                <span class="method-name">selectProductDetailsVerification</span>
                <span class="method-start">59005 ms</span>
              </div> <!-- test-method -->
              <div class="test-method">
                <span class="method-name">addProductToCartVerification(Macbook, MacBook Pro, 5)</span>
                <span class="method-start">65947 ms</span>
              </div> <!-- test-method -->
              <div class="test-method">
                <span class="method-name">addProductToCartVerification(iMac, iMac, 101)</span>
                <span class="method-start">83004 ms</span>
              </div> <!-- test-method -->
              <div class="test-method">
                <span class="method-name">addProductToCartVerification(Samsung, Samsung SyncMaster 941BW, 7)</span>
                <span class="method-start">100509 ms</span>
              </div> <!-- test-method -->
              <div class="test-method">
                <span class="method-name">addProductToCartVerification(Samsung, Samsung Galaxy Tab 10.1, 14)</span>
                <span class="method-start">118073 ms</span>
              </div> <!-- test-method -->
              <div class="test-method">
                <span class="method-name">addProductToCartVerification(Samsung, Samsung Galaxy Tab 10.1, 14)</span>
                <span class="method-start">135480 ms</span>
              </div> <!-- test-method -->
              <div class="test-method">
                <span class="method-name">addProductToCartVerification(Samsung, Samsung Galaxy Tab 10.1, 14)</span>
                <span class="method-start">153692 ms</span>
              </div> <!-- test-method -->
              <div class="test-method">
                <img src="failed.png">
                </img>
                <span class="method-name">addProductToCartVerification(Samsung, Samsung Galaxy Tab 10.1, 14)</span>
                <span class="method-start">171150 ms</span>
              </div> <!-- test-method -->
              <div class="configuration-test after">
                <img src="failed.png">
                </img>
                <span class="method-name">teardown</span>
                <span class="method-start">188550 ms</span>
              </div> <!-- configuration-test after -->
          </div> <!-- main-panel-content rounded-window-bottom -->
        </div> <!-- panel -->
      </div> <!-- main-panel-root -->
    </div> <!-- wrapper -->
  </body>
<script type="text/javascript" src="testng-reports2.js"></script>
</html>
